0 info it worked if it ends with ok
1 verbose cli [ 'C:\\Program Files\\nodejs\\\\node.exe',
1 verbose cli   'C:\\Program Files\\nodejs\\node_modules\\npm\\bin\\npm-cli.js',
1 verbose cli   'publish' ]
2 info using npm@1.3.11
3 info using node@v0.10.20
4 verbose node symlink C:\Program Files\nodejs\\node.exe
5 verbose publish [ '.' ]
6 verbose cache add [ '.', null ]
7 verbose cache add name=undefined spec="." args=[".",null]
8 verbose parsed url { protocol: null,
8 verbose parsed url   slashes: null,
8 verbose parsed url   auth: null,
8 verbose parsed url   host: null,
8 verbose parsed url   port: null,
8 verbose parsed url   hostname: null,
8 verbose parsed url   hash: null,
8 verbose parsed url   search: null,
8 verbose parsed url   query: null,
8 verbose parsed url   pathname: '.',
8 verbose parsed url   path: '.',
8 verbose parsed url   href: '.' }
9 silly lockFile 3a52ce78- .
10 verbose lock . C:\Users\Mike\AppData\Roaming\npm-cache\3a52ce78-.lock
11 silly lockFile 3a52ce78- .
12 silly lockFile 3a52ce78- .
13 error addLocal Could not install .
14 error Error: No name provided
14 error     at needName (C:\Program Files\nodejs\node_modules\npm\lib\cache.js:1232:37)
14 error     at C:\Program Files\nodejs\node_modules\npm\lib\cache.js:1111:10
14 error     at C:\Program Files\nodejs\node_modules\npm\node_modules\read-package-json\read-json.js:50:40
14 error     at final (C:\Program Files\nodejs\node_modules\npm\node_modules\read-package-json\read-json.js:317:17)
14 error     at then (C:\Program Files\nodejs\node_modules\npm\node_modules\read-package-json\read-json.js:124:33)
14 error     at C:\Program Files\nodejs\node_modules\npm\node_modules\read-package-json\read-json.js:299:40
14 error     at fs.js:266:14
14 error     at C:\Program Files\nodejs\node_modules\npm\node_modules\graceful-fs\graceful-fs.js:103:5
14 error     at Object.oncomplete (fs.js:107:15)
15 error If you need help, you may report this log at:
15 error     <http://github.com/isaacs/npm/issues>
15 error or email it to:
15 error     <npm-@googlegroups.com>
16 error System Windows_NT 6.1.7601
17 error command "C:\\Program Files\\nodejs\\\\node.exe" "C:\\Program Files\\nodejs\\node_modules\\npm\\bin\\npm-cli.js" "publish"
18 error cwd c:\users\mike\documents\Git projects\released\flickrmirror
19 error node -v v0.10.20
20 error npm -v 1.3.11
21 verbose exit [ 1, true ]
